<!DOCTYPE html PUBLIC "-//W3C//DTD XHTML 1.1//EN" "http://www.w3.org/TR/xhtml11/DTD/xhtml11.dtd">
<html xmlns="http://www.w3.org/1999/xhtml">
<head>
<meta http-equiv="content-type" content="text/html; charset=UTF-8"/>
<title>TestNG Report</title>
<style type="text/css">table {margin-bottom:10px;border-collapse:collapse;empty-cells:show}th,td {border:1px solid #009;padding:.25em .5em}th {vertical-align:bottom}td {vertical-align:top}table a {font-weight:bold}.stripe td {background-color: #E6EBF9}.num {text-align:right}.passedodd td {background-color: #3F3}.passedeven td {background-color: #0A0}.skippedodd td {background-color: #DDD}.skippedeven td {background-color: #CCC}.failedodd td,.attn {background-color: #F33}.failedeven td,.stripe .attn {background-color: #D00}.stacktrace {white-space:pre;font-family:monospace}.totop {font-size:85%;text-align:center;border-bottom:2px solid #000}.invisible {display:none}</style>
</head>
<body>
<table>
<tr><th>Test</th><th># Passed</th><th># Skipped</th><th># Retried</th><th># Failed</th><th>Time (ms)</th><th>Included Groups</th><th>Excluded Groups</th></tr>
<tr><th colspan="7">Login Suite</th></tr>
<tr><td><a href="#t0">Login Test</a></td><td class="num">0</td><td class="num attn">2</td><td class="num">0</td><td class="num attn">1</td><td class="num">62,762</td><td></td><td></td></tr>
<tr><th colspan="7">Create Suite</th></tr>
<tr class="stripe"><td><a href="#t1">CreateTask Test</a></td><td class="num">0</td><td class="num">0</td><td class="num">0</td><td class="num attn">1</td><td class="num">59,537</td><td></td><td></td></tr>
<tr><td><a href="#t2">CreateLead Test</a></td><td class="num">0</td><td class="num attn">1</td><td class="num">0</td><td class="num attn">1</td><td class="num">59,562</td><td></td><td></td></tr>
<tr><th colspan="7">My Suite</th></tr>
<tr><th>Total</th><th class="num">0</th><th class="num attn">3</th><th class="num">0</th><th class="num attn">3</th><th class="num">181,861</th><th colspan="2"></th></tr>
</table>
<table id='summary'><thead><tr><th>Class</th><th>Method</th><th>Start</th><th>Time (ms)</th></tr></thead><tbody><tr><th colspan="4">Login Suite</th></tr></tbody><tbody id="t0"><tr><th colspan="4">Login Test &#8212; failed</th></tr><tr class="failedeven"><td rowspan="1">com.zoho.suite.testcases.login.LoginTest</td><td><a href="#m0">loginTest</a></td><td rowspan="1">1590232349494</td><td rowspan="1">61226</td></tr><tr><th colspan="4">Login Test &#8212; skipped</th></tr><tr class="skippedeven"><td rowspan="2">com.zoho.suite.testcases.login.LoginTest</td><td><a href="#m1">loginTest</a></td><td rowspan="2">1590232411938</td><td rowspan="2">1</td></tr><tr class="skippedeven"><td><a href="#m2">loginTest</a></td></tr></tbody>
<tbody><tr><th colspan="4">Create Suite</th></tr></tbody><tbody id="t1"><tr><th colspan="4">CreateTask Test &#8212; failed</th></tr><tr class="failedeven"><td rowspan="1">com.zoho.suite.testcases.creation.CreateTaskTest</td><td><a href="#m3">createTaskTest</a></td><td rowspan="1">1590232412117</td><td rowspan="1">57722</td></tr></tbody>
<tbody id="t2"><tr><th colspan="4">CreateLead Test &#8212; failed</th></tr><tr class="failedeven"><td rowspan="1">com.zoho.suite.testcases.creation.CreateLeadTest</td><td><a href="#m4">createLeadTest</a></td><td rowspan="1">1590232412124</td><td rowspan="1">57715</td></tr><tr><th colspan="4">CreateLead Test &#8212; skipped</th></tr><tr class="skippedeven"><td rowspan="1">com.zoho.suite.testcases.creation.CreateLeadTest</td><td><a href="#m5">createLeadTest</a></td><td rowspan="1">1590232471583</td><td rowspan="1">3</td></tr></tbody>
<tbody><tr><th colspan="4">My Suite</th></tr></tbody></table>
<h2>Login Test</h2><h3 id="m0">com.zoho.suite.testcases.login.LoginTest#loginTest</h3><table class="result"><tr class="param"><th>Parameter #1</th></tr><tr class="param stripe"><td>{Username=sachintester.1983@gmail.com, Password=Whizdom@2020, Runmode=Y, PasswordValid=Y, UsernameValid=Y, Browser=Chrome}</td></tr><tr><th>Exception</th></tr><tr><td><div class="stacktrace">org.openqa.selenium.remote.UnreachableBrowserException: Could not start a new session. Possible causes are invalid address of the remote server or browser start-up failure.
Build info: version: &apos;4.0.0-alpha-5&apos;, revision: &apos;b3a0d621cc&apos;
System info: host: &apos;DESKTOP-V123S32&apos;, ip: &apos;192.168.1.3&apos;, os.name: &apos;Windows 10&apos;, os.arch: &apos;amd64&apos;, os.version: &apos;10.0&apos;, java.version: &apos;1.8.0_241&apos;
Driver info: driver.version: ZohoDriver
	at org.openqa.selenium.remote.RemoteWebDriver.execute(RemoteWebDriver.java:603)
	at org.openqa.selenium.remote.RemoteWebDriver.startSession(RemoteWebDriver.java:216)
	at org.openqa.selenium.remote.RemoteWebDriver.&lt;init&gt;(RemoteWebDriver.java:136)
	at org.openqa.selenium.remote.RemoteWebDriver.&lt;init&gt;(RemoteWebDriver.java:149)
	at com.zoho.web.ZohoDriver.openBrowser(ZohoDriver.java:41)
	at com.zoho.pages.normal.LaunchPage.openBrowser(LaunchPage.java:16)
	at com.zoho.suite.testcases.login.LoginTest.loginTest(LoginTest.java:68)
	at java.util.ArrayList.forEach(Unknown Source)
	at java.util.concurrent.FutureTask.run(Unknown Source)
	at java.util.concurrent.ThreadPoolExecutor.runWorker(Unknown Source)
	at java.util.concurrent.ThreadPoolExecutor$Worker.run(Unknown Source)
	at java.lang.Thread.run(Unknown Source)
Caused by: java.lang.RuntimeException: NettyHttpHandler request execution error
	at org.openqa.selenium.remote.http.netty.NettyHttpHandler.makeCall(NettyHttpHandler.java:72)
	at org.openqa.selenium.remote.http.AddSeleniumUserAgent.lambda$apply$0(AddSeleniumUserAgent.java:42)
	at org.openqa.selenium.remote.http.Filter.lambda$andFinally$1(Filter.java:55)
	at org.openqa.selenium.remote.http.netty.NettyHttpHandler.execute(NettyHttpHandler.java:47)
	at org.openqa.selenium.remote.http.AddSeleniumUserAgent.lambda$apply$0(AddSeleniumUserAgent.java:42)
	at org.openqa.selenium.remote.http.Filter.lambda$andFinally$1(Filter.java:55)
	at org.openqa.selenium.remote.http.netty.NettyClient.execute(NettyClient.java:47)
	at org.openqa.selenium.remote.ProtocolHandshake.createSession(ProtocolHandshake.java:105)
	at org.openqa.selenium.remote.ProtocolHandshake.createSession(ProtocolHandshake.java:75)
	at org.openqa.selenium.remote.HttpCommandExecutor.execute(HttpCommandExecutor.java:139)
	at org.openqa.selenium.remote.RemoteWebDriver.execute(RemoteWebDriver.java:582)
	... 29 more
Caused by: java.util.concurrent.ExecutionException: java.util.concurrent.TimeoutException: Request timeout to localhost/127.0.0.1:4444 after 60000 ms
	at java.util.concurrent.CompletableFuture.reportGet(Unknown Source)
	at java.util.concurrent.CompletableFuture.get(Unknown Source)
	at org.asynchttpclient.netty.NettyResponseFuture.get(NettyResponseFuture.java:201)
	at org.openqa.selenium.remote.http.netty.NettyHttpHandler.makeCall(NettyHttpHandler.java:57)
	... 39 more
Caused by: java.util.concurrent.TimeoutException: Request timeout to localhost/127.0.0.1:4444 after 60000 ms
	at org.asynchttpclient.netty.timeout.TimeoutTimerTask.expire(TimeoutTimerTask.java:43)
	at org.asynchttpclient.netty.timeout.RequestTimeoutTimerTask.run(RequestTimeoutTimerTask.java:50)
	at io.netty.util.HashedWheelTimer$HashedWheelTimeout.expire(HashedWheelTimer.java:672)
	at io.netty.util.HashedWheelTimer$HashedWheelBucket.expireTimeouts(HashedWheelTimer.java:747)
	at io.netty.util.HashedWheelTimer$Worker.run(HashedWheelTimer.java:472)
	at io.netty.util.concurrent.FastThreadLocalRunnable.run(FastThreadLocalRunnable.java:30)
	... 1 more
... Removed 18 stack frames</div></td></tr></table><p class="totop"><a href="#summary">back to summary</a></p>
<h3 id="m1">com.zoho.suite.testcases.login.LoginTest#loginTest</h3><table class="result"><tr class="param"><th>Parameter #1</th></tr><tr class="param stripe"><td>{Username=xxxxxxxx, Password=, Runmode=N, PasswordValid=, UsernameValid=N, Browser=Chrome}</td></tr><tr><th>Exception</th></tr><tr><td><div class="stacktrace">org.testng.SkipException: Skipping the test as Runmode was NO
	at com.zoho.suite.testcases.login.LoginTest.loginTest(LoginTest.java:57)
	at java.util.ArrayList.forEach(Unknown Source)
	at java.util.concurrent.FutureTask.run(Unknown Source)
	at java.util.concurrent.ThreadPoolExecutor.runWorker(Unknown Source)
	at java.util.concurrent.ThreadPoolExecutor$Worker.run(Unknown Source)
	at java.lang.Thread.run(Unknown Source)
... Removed 18 stack frames</div></td></tr></table><p class="totop"><a href="#summary">back to summary</a></p>
<h3 id="m2">com.zoho.suite.testcases.login.LoginTest#loginTest</h3><table class="result"><tr class="param"><th>Parameter #1</th></tr><tr class="param stripe"><td>{Username=sachintester.1983@gmail.com, Password=Whizdom@2020, Runmode=N, PasswordValid=Y, UsernameValid=Y, Browser=Mozilla}</td></tr><tr><th>Exception</th></tr><tr><td><div class="stacktrace">org.testng.SkipException: Skipping the test as Runmode was NO
	at com.zoho.suite.testcases.login.LoginTest.loginTest(LoginTest.java:57)
	at java.util.ArrayList.forEach(Unknown Source)
	at java.util.concurrent.FutureTask.run(Unknown Source)
	at java.util.concurrent.ThreadPoolExecutor.runWorker(Unknown Source)
	at java.util.concurrent.ThreadPoolExecutor$Worker.run(Unknown Source)
	at java.lang.Thread.run(Unknown Source)
... Removed 18 stack frames</div></td></tr></table><p class="totop"><a href="#summary">back to summary</a></p>
<h2>CreateTask Test</h2><h3 id="m3">com.zoho.suite.testcases.creation.CreateTaskTest#createTaskTest</h3><table class="result"><tr class="param"><th>Parameter #1</th></tr><tr class="param stripe"><td>{Date=03-06-2020, Subject=Sales Meeting, Runmode=Y, Contact=Simon Morasca, Browser=Chrome}</td></tr><tr><th>Exception</th></tr><tr><td><div class="stacktrace">java.lang.AssertionError: The following asserts failed:
	Element not found - By.all({By.cssSelector: div.zl-nth-child1,By.cssSelector: div.zl-nth-child2,By.cssSelector: div.zl-nth-child3,By.cssSelector: div.zl-nth-child4})
	at com.zoho.web.ZohoValidationDriver.assertAll(ZohoValidationDriver.java:96)
	at com.zoho.web.ZohoValidationDriver.fail(ZohoValidationDriver.java:135)
	at com.zoho.listener.ZohoEventListener.beforeFindBy(ZohoEventListener.java:33)
	at org.openqa.selenium.support.events.EventFiringWebDriver.lambda$new$0(EventFiringWebDriver.java:85)
	at com.sun.proxy.$Proxy10.beforeFindBy(Unknown Source)
	at org.openqa.selenium.support.events.EventFiringWebDriver.findElements(EventFiringWebDriver.java:182)
	at org.openqa.selenium.support.pagefactory.DefaultElementLocator.findElements(DefaultElementLocator.java:87)
	at org.openqa.selenium.support.pagefactory.internal.LocatingElementListHandler.invoke(LocatingElementListHandler.java:37)
	at com.sun.proxy.$Proxy18.size(Unknown Source)
	at com.zoho.pages.session.IntermediatePage.validateIntermediatePageOptions(IntermediatePage.java:41)
	at com.zoho.suite.testcases.creation.CreateTaskTest.createTaskTest(CreateTaskTest.java:47)
	at java.util.ArrayList.forEach(Unknown Source)
	at java.util.concurrent.FutureTask.run(Unknown Source)
	at java.util.concurrent.ThreadPoolExecutor.runWorker(Unknown Source)
	at java.util.concurrent.ThreadPoolExecutor$Worker.run(Unknown Source)
	at java.lang.Thread.run(Unknown Source)
... Removed 23 stack frames</div></td></tr></table><p class="totop"><a href="#summary">back to summary</a></p>
<h2>CreateLead Test</h2><h3 id="m4">com.zoho.suite.testcases.creation.CreateLeadTest#createLeadTest</h3><table class="result"><tr class="param"><th>Parameter #1</th></tr><tr class="param stripe"><td>{LeadName=Gates, Runmode=Y, LeadCompany=Microsoft, Browser=Chrome}</td></tr><tr><th>Exception</th></tr><tr><td><div class="stacktrace">java.lang.AssertionError: The following asserts failed:
	Element not found - By.all({By.cssSelector: div.zl-nth-child1,By.cssSelector: div.zl-nth-child2,By.cssSelector: div.zl-nth-child3,By.cssSelector: div.zl-nth-child4})
	at com.zoho.web.ZohoValidationDriver.assertAll(ZohoValidationDriver.java:96)
	at com.zoho.web.ZohoValidationDriver.fail(ZohoValidationDriver.java:135)
	at com.zoho.listener.ZohoEventListener.beforeFindBy(ZohoEventListener.java:33)
	at org.openqa.selenium.support.events.EventFiringWebDriver.lambda$new$0(EventFiringWebDriver.java:85)
	at com.sun.proxy.$Proxy10.beforeFindBy(Unknown Source)
	at org.openqa.selenium.support.events.EventFiringWebDriver.findElements(EventFiringWebDriver.java:182)
	at org.openqa.selenium.support.pagefactory.DefaultElementLocator.findElements(DefaultElementLocator.java:87)
	at org.openqa.selenium.support.pagefactory.internal.LocatingElementListHandler.invoke(LocatingElementListHandler.java:37)
	at com.sun.proxy.$Proxy18.size(Unknown Source)
	at com.zoho.pages.session.IntermediatePage.validateIntermediatePageOptions(IntermediatePage.java:41)
	at com.zoho.suite.testcases.creation.CreateLeadTest.createLeadTest(CreateLeadTest.java:49)
	at java.util.ArrayList.forEach(Unknown Source)
	at java.util.concurrent.FutureTask.run(Unknown Source)
	at java.util.concurrent.ThreadPoolExecutor.runWorker(Unknown Source)
	at java.util.concurrent.ThreadPoolExecutor$Worker.run(Unknown Source)
	at java.lang.Thread.run(Unknown Source)
... Removed 23 stack frames</div></td></tr></table><p class="totop"><a href="#summary">back to summary</a></p>
<h3 id="m5">com.zoho.suite.testcases.creation.CreateLeadTest#createLeadTest</h3><table class="result"><tr class="param"><th>Parameter #1</th></tr><tr class="param stripe"><td>{LeadName=Gates, Runmode=N, LeadCompany=Microsoft, Browser=Mozilla}</td></tr><tr><th>Exception</th></tr><tr><td><div class="stacktrace">org.testng.SkipException: Skipping the test as Runmode was NO
	at com.zoho.suite.testcases.creation.CreateLeadTest.createLeadTest(CreateLeadTest.java:38)
	at java.util.ArrayList.forEach(Unknown Source)
	at java.util.concurrent.FutureTask.run(Unknown Source)
	at java.util.concurrent.ThreadPoolExecutor.runWorker(Unknown Source)
	at java.util.concurrent.ThreadPoolExecutor$Worker.run(Unknown Source)
	at java.lang.Thread.run(Unknown Source)
... Removed 18 stack frames</div></td></tr></table><p class="totop"><a href="#summary">back to summary</a></p>
</body>
</html>
